DEPRECATION WARNING: Active Admin: The `register_stylesheet` config is deprecated and will be removed
in v2. Import your "bootstrap.scss" stylesheet in the active_admin.scss.
 (called from register_stylesheet at /home/deploy/wine-grape/shared/bundle/ruby/2.3.0/bundler/gems/activeadmin-043ba0c93408/lib/active_admin/asset_registration.rb:5)
DEPRECATION WARNING: Active Admin: The `register_javascript` config is deprecated and will be removed
in v2. Import your "bootstrap.min.js" javascript in the active_admin.js.
 (called from register_javascript at /home/deploy/wine-grape/shared/bundle/ruby/2.3.0/bundler/gems/activeadmin-043ba0c93408/lib/active_admin/asset_registration.rb:21)
DEPRECATION WARNING: Active Admin: The `register_stylesheet` config is deprecated and will be removed
in v2. Import your "bootstrap.scss" stylesheet in the active_admin.scss.
 (called from register_stylesheet at /home/deploy/wine-grape/shared/bundle/ruby/2.3.0/bundler/gems/activeadmin-043ba0c93408/lib/active_admin/asset_registration.rb:5)
DEPRECATION WARNING: Active Admin: The `register_javascript` config is deprecated and will be removed
in v2. Import your "bootstrap.min.js" javascript in the active_admin.js.
 (called from register_javascript at /home/deploy/wine-grape/shared/bundle/ruby/2.3.0/bundler/gems/activeadmin-043ba0c93408/lib/active_admin/asset_registration.rb:21)
DEPRECATION WARNING: Active Admin: The `register_stylesheet` config is deprecated and will be removed
in v2. Import your "bootstrap.scss" stylesheet in the active_admin.scss.
 (called from register_stylesheet at /home/deploy/wine-grape/shared/bundle/ruby/2.3.0/bundler/gems/activeadmin-043ba0c93408/lib/active_admin/asset_registration.rb:5)
DEPRECATION WARNING: Active Admin: The `register_javascript` config is deprecated and will be removed
in v2. Import your "bootstrap.min.js" javascript in the active_admin.js.
 (called from register_javascript at /home/deploy/wine-grape/shared/bundle/ruby/2.3.0/bundler/gems/activeadmin-043ba0c93408/lib/active_admin/asset_registration.rb:21)
DEPRECATION WARNING: Active Admin: The `register_stylesheet` config is deprecated and will be removed
in v2. Import your "bootstrap.scss" stylesheet in the active_admin.scss.
 (called from register_stylesheet at /home/deploy/wine-grape/shared/bundle/ruby/2.3.0/bundler/gems/activeadmin-043ba0c93408/lib/active_admin/asset_registration.rb:5)
DEPRECATION WARNING: Active Admin: The `register_javascript` config is deprecated and will be removed
in v2. Import your "bootstrap.min.js" javascript in the active_admin.js.
 (called from register_javascript at /home/deploy/wine-grape/shared/bundle/ruby/2.3.0/bundler/gems/activeadmin-043ba0c93408/lib/active_admin/asset_registration.rb:21)
DEPRECATION WARNING: Active Admin: The `register_stylesheet` config is deprecated and will be removed
in v2. Import your "bootstrap.scss" stylesheet in the active_admin.scss.
 (called from register_stylesheet at /home/deploy/wine-grape/shared/bundle/ruby/2.3.0/bundler/gems/activeadmin-043ba0c93408/lib/active_admin/asset_registration.rb:5)
DEPRECATION WARNING: Active Admin: The `register_javascript` config is deprecated and will be removed
in v2. Import your "bootstrap.min.js" javascript in the active_admin.js.
 (called from register_javascript at /home/deploy/wine-grape/shared/bundle/ruby/2.3.0/bundler/gems/activeadmin-043ba0c93408/lib/active_admin/asset_registration.rb:21)
DEPRECATION WARNING: Active Admin: The `register_stylesheet` config is deprecated and will be removed
in v2. Import your "bootstrap.scss" stylesheet in the active_admin.scss.
 (called from register_stylesheet at /home/deploy/wine-grape/shared/bundle/ruby/2.3.0/bundler/gems/activeadmin-043ba0c93408/lib/active_admin/asset_registration.rb:5)
DEPRECATION WARNING: Active Admin: The `register_javascript` config is deprecated and will be removed
in v2. Import your "bootstrap.min.js" javascript in the active_admin.js.
 (called from register_javascript at /home/deploy/wine-grape/shared/bundle/ruby/2.3.0/bundler/gems/activeadmin-043ba0c93408/lib/active_admin/asset_registration.rb:21)
DEPRECATION WARNING: Active Admin: The `register_stylesheet` config is deprecated and will be removed
in v2. Import your "bootstrap.scss" stylesheet in the active_admin.scss.
 (called from register_stylesheet at /home/deploy/wine-grape/shared/bundle/ruby/2.3.0/bundler/gems/activeadmin-043ba0c93408/lib/active_admin/asset_registration.rb:5)
DEPRECATION WARNING: Active Admin: The `register_javascript` config is deprecated and will be removed
in v2. Import your "bootstrap.min.js" javascript in the active_admin.js.
 (called from register_javascript at /home/deploy/wine-grape/shared/bundle/ruby/2.3.0/bundler/gems/activeadmin-043ba0c93408/lib/active_admin/asset_registration.rb:21)
DEPRECATION WARNING: Active Admin: The `register_stylesheet` config is deprecated and will be removed
in v2. Import your "bootstrap.scss" stylesheet in the active_admin.scss.
 (called from register_stylesheet at /home/deploy/wine-grape/shared/bundle/ruby/2.3.0/bundler/gems/activeadmin-043ba0c93408/lib/active_admin/asset_registration.rb:5)
DEPRECATION WARNING: Active Admin: The `register_javascript` config is deprecated and will be removed
in v2. Import your "bootstrap.min.js" javascript in the active_admin.js.
 (called from register_javascript at /home/deploy/wine-grape/shared/bundle/ruby/2.3.0/bundler/gems/activeadmin-043ba0c93408/lib/active_admin/asset_registration.rb:21)
DEPRECATION WARNING: Active Admin: The `register_stylesheet` config is deprecated and will be removed
in v2. Import your "bootstrap.scss" stylesheet in the active_admin.scss.
 (called from register_stylesheet at /home/deploy/wine-grape/shared/bundle/ruby/2.3.0/bundler/gems/activeadmin-043ba0c93408/lib/active_admin/asset_registration.rb:5)
DEPRECATION WARNING: Active Admin: The `register_javascript` config is deprecated and will be removed
in v2. Import your "bootstrap.min.js" javascript in the active_admin.js.
 (called from register_javascript at /home/deploy/wine-grape/shared/bundle/ruby/2.3.0/bundler/gems/activeadmin-043ba0c93408/lib/active_admin/asset_registration.rb:21)
DEPRECATION WARNING: Active Admin: The `register_stylesheet` config is deprecated and will be removed
in v2. Import your "bootstrap.scss" stylesheet in the active_admin.scss.
 (called from register_stylesheet at /home/deploy/wine-grape/shared/bundle/ruby/2.3.0/bundler/gems/activeadmin-043ba0c93408/lib/active_admin/asset_registration.rb:5)
DEPRECATION WARNING: Active Admin: The `register_javascript` config is deprecated and will be removed
in v2. Import your "bootstrap.min.js" javascript in the active_admin.js.
 (called from register_javascript at /home/deploy/wine-grape/shared/bundle/ruby/2.3.0/bundler/gems/activeadmin-043ba0c93408/lib/active_admin/asset_registration.rb:21)
DEPRECATION WARNING: Active Admin: The `register_stylesheet` config is deprecated and will be removed
in v2. Import your "bootstrap.scss" stylesheet in the active_admin.scss.
 (called from register_stylesheet at /home/deploy/wine-grape/shared/bundle/ruby/2.3.0/bundler/gems/activeadmin-043ba0c93408/lib/active_admin/asset_registration.rb:5)
DEPRECATION WARNING: Active Admin: The `register_javascript` config is deprecated and will be removed
in v2. Import your "bootstrap.min.js" javascript in the active_admin.js.
 (called from register_javascript at /home/deploy/wine-grape/shared/bundle/ruby/2.3.0/bundler/gems/activeadmin-043ba0c93408/lib/active_admin/asset_registration.rb:21)
DEPRECATION WARNING: Active Admin: The `register_stylesheet` config is deprecated and will be removed
in v2. Import your "bootstrap.scss" stylesheet in the active_admin.scss.
 (called from register_stylesheet at /home/deploy/wine-grape/shared/bundle/ruby/2.3.0/bundler/gems/activeadmin-043ba0c93408/lib/active_admin/asset_registration.rb:5)
DEPRECATION WARNING: Active Admin: The `register_javascript` config is deprecated and will be removed
in v2. Import your "bootstrap.min.js" javascript in the active_admin.js.
 (called from register_javascript at /home/deploy/wine-grape/shared/bundle/ruby/2.3.0/bundler/gems/activeadmin-043ba0c93408/lib/active_admin/asset_registration.rb:21)
DEPRECATION WARNING: Active Admin: The `register_stylesheet` config is deprecated and will be removed
in v2. Import your "bootstrap.scss" stylesheet in the active_admin.scss.
 (called from register_stylesheet at /home/deploy/wine-grape/shared/bundle/ruby/2.3.0/bundler/gems/activeadmin-043ba0c93408/lib/active_admin/asset_registration.rb:5)
DEPRECATION WARNING: Active Admin: The `register_javascript` config is deprecated and will be removed
in v2. Import your "bootstrap.min.js" javascript in the active_admin.js.
 (called from register_javascript at /home/deploy/wine-grape/shared/bundle/ruby/2.3.0/bundler/gems/activeadmin-043ba0c93408/lib/active_admin/asset_registration.rb:21)
DEPRECATION WARNING: Active Admin: The `register_stylesheet` config is deprecated and will be removed
in v2. Import your "bootstrap.scss" stylesheet in the active_admin.scss.
 (called from register_stylesheet at /home/deploy/wine-grape/shared/bundle/ruby/2.3.0/bundler/gems/activeadmin-043ba0c93408/lib/active_admin/asset_registration.rb:5)
DEPRECATION WARNING: Active Admin: The `register_javascript` config is deprecated and will be removed
in v2. Import your "bootstrap.min.js" javascript in the active_admin.js.
 (called from register_javascript at /home/deploy/wine-grape/shared/bundle/ruby/2.3.0/bundler/gems/activeadmin-043ba0c93408/lib/active_admin/asset_registration.rb:21)
DEPRECATION WARNING: Active Admin: The `register_stylesheet` config is deprecated and will be removed
in v2. Import your "bootstrap.scss" stylesheet in the active_admin.scss.
 (called from register_stylesheet at /home/deploy/wine-grape/shared/bundle/ruby/2.3.0/bundler/gems/activeadmin-043ba0c93408/lib/active_admin/asset_registration.rb:5)
DEPRECATION WARNING: Active Admin: The `register_javascript` config is deprecated and will be removed
in v2. Import your "bootstrap.min.js" javascript in the active_admin.js.
 (called from register_javascript at /home/deploy/wine-grape/shared/bundle/ruby/2.3.0/bundler/gems/activeadmin-043ba0c93408/lib/active_admin/asset_registration.rb:21)
DEPRECATION WARNING: Active Admin: The `register_stylesheet` config is deprecated and will be removed
in v2. Import your "bootstrap.scss" stylesheet in the active_admin.scss.
 (called from register_stylesheet at /home/deploy/wine-grape/shared/bundle/ruby/2.3.0/bundler/gems/activeadmin-043ba0c93408/lib/active_admin/asset_registration.rb:5)
DEPRECATION WARNING: Active Admin: The `register_javascript` config is deprecated and will be removed
in v2. Import your "bootstrap.min.js" javascript in the active_admin.js.
 (called from register_javascript at /home/deploy/wine-grape/shared/bundle/ruby/2.3.0/bundler/gems/activeadmin-043ba0c93408/lib/active_admin/asset_registration.rb:21)
DEPRECATION WARNING: Active Admin: The `register_stylesheet` config is deprecated and will be removed
in v2. Import your "bootstrap.scss" stylesheet in the active_admin.scss.
 (called from register_stylesheet at /home/deploy/wine-grape/shared/bundle/ruby/2.3.0/bundler/gems/activeadmin-043ba0c93408/lib/active_admin/asset_registration.rb:5)
DEPRECATION WARNING: Active Admin: The `register_javascript` config is deprecated and will be removed
in v2. Import your "bootstrap.min.js" javascript in the active_admin.js.
 (called from register_javascript at /home/deploy/wine-grape/shared/bundle/ruby/2.3.0/bundler/gems/activeadmin-043ba0c93408/lib/active_admin/asset_registration.rb:21)
DEPRECATION WARNING: Active Admin: The `register_stylesheet` config is deprecated and will be removed
in v2. Import your "bootstrap.scss" stylesheet in the active_admin.scss.
 (called from register_stylesheet at /home/deploy/wine-grape/shared/bundle/ruby/2.3.0/bundler/gems/activeadmin-043ba0c93408/lib/active_admin/asset_registration.rb:5)
DEPRECATION WARNING: Active Admin: The `register_javascript` config is deprecated and will be removed
in v2. Import your "bootstrap.min.js" javascript in the active_admin.js.
 (called from register_javascript at /home/deploy/wine-grape/shared/bundle/ruby/2.3.0/bundler/gems/activeadmin-043ba0c93408/lib/active_admin/asset_registration.rb:21)
DEPRECATION WARNING: Active Admin: The `register_stylesheet` config is deprecated and will be removed
in v2. Import your "bootstrap.scss" stylesheet in the active_admin.scss.
 (called from register_stylesheet at /home/deploy/wine-grape/shared/bundle/ruby/2.3.0/bundler/gems/activeadmin-043ba0c93408/lib/active_admin/asset_registration.rb:5)
DEPRECATION WARNING: Active Admin: The `register_javascript` config is deprecated and will be removed
in v2. Import your "bootstrap.min.js" javascript in the active_admin.js.
 (called from register_javascript at /home/deploy/wine-grape/shared/bundle/ruby/2.3.0/bundler/gems/activeadmin-043ba0c93408/lib/active_admin/asset_registration.rb:21)
DEPRECATION WARNING: Active Admin: The `register_stylesheet` config is deprecated and will be removed
in v2. Import your "bootstrap.scss" stylesheet in the active_admin.scss.
 (called from register_stylesheet at /home/deploy/wine-grape/shared/bundle/ruby/2.3.0/bundler/gems/activeadmin-043ba0c93408/lib/active_admin/asset_registration.rb:5)
DEPRECATION WARNING: Active Admin: The `register_javascript` config is deprecated and will be removed
in v2. Import your "bootstrap.min.js" javascript in the active_admin.js.
 (called from register_javascript at /home/deploy/wine-grape/shared/bundle/ruby/2.3.0/bundler/gems/activeadmin-043ba0c93408/lib/active_admin/asset_registration.rb:21)
DEPRECATION WARNING: Active Admin: The `register_stylesheet` config is deprecated and will be removed
in v2. Import your "bootstrap.scss" stylesheet in the active_admin.scss.
 (called from register_stylesheet at /home/deploy/wine-grape/shared/bundle/ruby/2.3.0/bundler/gems/activeadmin-043ba0c93408/lib/active_admin/asset_registration.rb:5)
DEPRECATION WARNING: Active Admin: The `register_javascript` config is deprecated and will be removed
in v2. Import your "bootstrap.min.js" javascript in the active_admin.js.
 (called from register_javascript at /home/deploy/wine-grape/shared/bundle/ruby/2.3.0/bundler/gems/activeadmin-043ba0c93408/lib/active_admin/asset_registration.rb:21)
DEPRECATION WARNING: Active Admin: The `register_stylesheet` config is deprecated and will be removed
in v2. Import your "bootstrap.scss" stylesheet in the active_admin.scss.
 (called from register_stylesheet at /home/deploy/wine-grape/shared/bundle/ruby/2.3.0/bundler/gems/activeadmin-043ba0c93408/lib/active_admin/asset_registration.rb:5)
DEPRECATION WARNING: Active Admin: The `register_javascript` config is deprecated and will be removed
in v2. Import your "bootstrap.min.js" javascript in the active_admin.js.
 (called from register_javascript at /home/deploy/wine-grape/shared/bundle/ruby/2.3.0/bundler/gems/activeadmin-043ba0c93408/lib/active_admin/asset_registration.rb:21)
DEPRECATION WARNING: Active Admin: The `register_stylesheet` config is deprecated and will be removed
in v2. Import your "bootstrap.scss" stylesheet in the active_admin.scss.
 (called from register_stylesheet at /home/deploy/wine-grape/shared/bundle/ruby/2.3.0/bundler/gems/activeadmin-043ba0c93408/lib/active_admin/asset_registration.rb:5)
DEPRECATION WARNING: Active Admin: The `register_javascript` config is deprecated and will be removed
in v2. Import your "bootstrap.min.js" javascript in the active_admin.js.
 (called from register_javascript at /home/deploy/wine-grape/shared/bundle/ruby/2.3.0/bundler/gems/activeadmin-043ba0c93408/lib/active_admin/asset_registration.rb:21)
DEPRECATION WARNING: Active Admin: The `register_stylesheet` config is deprecated and will be removed
in v2. Import your "bootstrap.scss" stylesheet in the active_admin.scss.
 (called from register_stylesheet at /home/deploy/wine-grape/shared/bundle/ruby/2.3.0/bundler/gems/activeadmin-043ba0c93408/lib/active_admin/asset_registration.rb:5)
DEPRECATION WARNING: Active Admin: The `register_javascript` config is deprecated and will be removed
in v2. Import your "bootstrap.min.js" javascript in the active_admin.js.
 (called from register_javascript at /home/deploy/wine-grape/shared/bundle/ruby/2.3.0/bundler/gems/activeadmin-043ba0c93408/lib/active_admin/asset_registration.rb:21)
DEPRECATION WARNING: Active Admin: The `register_stylesheet` config is deprecated and will be removed
in v2. Import your "bootstrap.scss" stylesheet in the active_admin.scss.
 (called from register_stylesheet at /home/deploy/wine-grape/shared/bundle/ruby/2.3.0/bundler/gems/activeadmin-043ba0c93408/lib/active_admin/asset_registration.rb:5)
DEPRECATION WARNING: Active Admin: The `register_javascript` config is deprecated and will be removed
in v2. Import your "bootstrap.min.js" javascript in the active_admin.js.
 (called from register_javascript at /home/deploy/wine-grape/shared/bundle/ruby/2.3.0/bundler/gems/activeadmin-043ba0c93408/lib/active_admin/asset_registration.rb:21)
DEPRECATION WARNING: Active Admin: The `register_stylesheet` config is deprecated and will be removed
in v2. Import your "bootstrap.scss" stylesheet in the active_admin.scss.
 (called from register_stylesheet at /home/deploy/wine-grape/shared/bundle/ruby/2.3.0/bundler/gems/activeadmin-043ba0c93408/lib/active_admin/asset_registration.rb:5)
DEPRECATION WARNING: Active Admin: The `register_javascript` config is deprecated and will be removed
in v2. Import your "bootstrap.min.js" javascript in the active_admin.js.
 (called from register_javascript at /home/deploy/wine-grape/shared/bundle/ruby/2.3.0/bundler/gems/activeadmin-043ba0c93408/lib/active_admin/asset_registration.rb:21)
DEPRECATION WARNING: Active Admin: The `register_stylesheet` config is deprecated and will be removed
in v2. Import your "bootstrap.scss" stylesheet in the active_admin.scss.
 (called from register_stylesheet at /home/deploy/wine-grape/shared/bundle/ruby/2.3.0/bundler/gems/activeadmin-043ba0c93408/lib/active_admin/asset_registration.rb:5)
DEPRECATION WARNING: Active Admin: The `register_javascript` config is deprecated and will be removed
in v2. Import your "bootstrap.min.js" javascript in the active_admin.js.
 (called from register_javascript at /home/deploy/wine-grape/shared/bundle/ruby/2.3.0/bundler/gems/activeadmin-043ba0c93408/lib/active_admin/asset_registration.rb:21)
DEPRECATION WARNING: Active Admin: The `register_stylesheet` config is deprecated and will be removed
in v2. Import your "bootstrap.scss" stylesheet in the active_admin.scss.
 (called from register_stylesheet at /home/deploy/wine-grape/shared/bundle/ruby/2.3.0/bundler/gems/activeadmin-043ba0c93408/lib/active_admin/asset_registration.rb:5)
DEPRECATION WARNING: Active Admin: The `register_javascript` config is deprecated and will be removed
in v2. Import your "bootstrap.min.js" javascript in the active_admin.js.
 (called from register_javascript at /home/deploy/wine-grape/shared/bundle/ruby/2.3.0/bundler/gems/activeadmin-043ba0c93408/lib/active_admin/asset_registration.rb:21)
DEPRECATION WARNING: Active Admin: The `register_stylesheet` config is deprecated and will be removed
in v2. Import your "bootstrap.scss" stylesheet in the active_admin.scss.
 (called from register_stylesheet at /home/deploy/wine-grape/shared/bundle/ruby/2.3.0/bundler/gems/activeadmin-043ba0c93408/lib/active_admin/asset_registration.rb:5)
DEPRECATION WARNING: Active Admin: The `register_javascript` config is deprecated and will be removed
in v2. Import your "bootstrap.min.js" javascript in the active_admin.js.
 (called from register_javascript at /home/deploy/wine-grape/shared/bundle/ruby/2.3.0/bundler/gems/activeadmin-043ba0c93408/lib/active_admin/asset_registration.rb:21)
DEPRECATION WARNING: Active Admin: The `register_stylesheet` config is deprecated and will be removed
in v2. Import your "bootstrap.scss" stylesheet in the active_admin.scss.
 (called from register_stylesheet at /home/deploy/wine-grape/shared/bundle/ruby/2.3.0/bundler/gems/activeadmin-043ba0c93408/lib/active_admin/asset_registration.rb:5)
DEPRECATION WARNING: Active Admin: The `register_javascript` config is deprecated and will be removed
in v2. Import your "bootstrap.min.js" javascript in the active_admin.js.
 (called from register_javascript at /home/deploy/wine-grape/shared/bundle/ruby/2.3.0/bundler/gems/activeadmin-043ba0c93408/lib/active_admin/asset_registration.rb:21)
DEPRECATION WARNING: Active Admin: The `register_stylesheet` config is deprecated and will be removed
in v2. Import your "bootstrap.scss" stylesheet in the active_admin.scss.
 (called from register_stylesheet at /home/deploy/wine-grape/shared/bundle/ruby/2.3.0/bundler/gems/activeadmin-043ba0c93408/lib/active_admin/asset_registration.rb:5)
DEPRECATION WARNING: Active Admin: The `register_javascript` config is deprecated and will be removed
in v2. Import your "bootstrap.min.js" javascript in the active_admin.js.
 (called from register_javascript at /home/deploy/wine-grape/shared/bundle/ruby/2.3.0/bundler/gems/activeadmin-043ba0c93408/lib/active_admin/asset_registration.rb:21)
DEPRECATION WARNING: Active Admin: The `register_stylesheet` config is deprecated and will be removed
in v2. Import your "bootstrap.scss" stylesheet in the active_admin.scss.
 (called from register_stylesheet at /home/deploy/wine-grape/shared/bundle/ruby/2.3.0/bundler/gems/activeadmin-043ba0c93408/lib/active_admin/asset_registration.rb:5)
DEPRECATION WARNING: Active Admin: The `register_javascript` config is deprecated and will be removed
in v2. Import your "bootstrap.min.js" javascript in the active_admin.js.
 (called from register_javascript at /home/deploy/wine-grape/shared/bundle/ruby/2.3.0/bundler/gems/activeadmin-043ba0c93408/lib/active_admin/asset_registration.rb:21)
DEPRECATION WARNING: Active Admin: The `register_stylesheet` config is deprecated and will be removed
in v2. Import your "bootstrap.scss" stylesheet in the active_admin.scss.
 (called from register_stylesheet at /home/deploy/wine-grape/shared/bundle/ruby/2.3.0/bundler/gems/activeadmin-043ba0c93408/lib/active_admin/asset_registration.rb:5)
DEPRECATION WARNING: Active Admin: The `register_javascript` config is deprecated and will be removed
in v2. Import your "bootstrap.min.js" javascript in the active_admin.js.
 (called from register_javascript at /home/deploy/wine-grape/shared/bundle/ruby/2.3.0/bundler/gems/activeadmin-043ba0c93408/lib/active_admin/asset_registration.rb:21)
